<Event xmlns='http://schemas.microsoft.com/win/2004/08/events/event'><System><Provider Name='SecurityCenter'/><EventID Qualifiers='0'>15</EventID><Version>0</Version><Level>4</Level><Task>0</Task><Opcode>0</Opcode><Keywords>0x80000000000000</Keywords><TimeCreated SystemTime='2022-09-12T16:11:51.3951988Z'/><EventRecordID>57</EventRecordID><Correlation/><Execution ProcessID='0' ThreadID='0'/><Channel>Application</Channel><Computer>DESKTOP-167Q5N9</Computer><Security/></System><EventData><Data>Windows Defender</Data><Data>SECURITY_PRODUCT_STATE_ON</Data></EventData></Event><Event xmlns='http://schemas.microsoft.com/win/2004/08/events/event'><System><Provider Name='SecurityCenter'/><EventID Qualifiers='49152'>16</EventID><Version>0</Version><Level>2</Level><Task>0</Task><Opcode>0</Opcode><Keywords>0x80000000000000</Keywords><TimeCreated SystemTime='2022-09-12T16:11:51.1664357Z'/><EventRecordID>56</EventRecordID><Correlation/><Execution ProcessID='0' ThreadID='0'/><Channel>Application</Channel><Computer>DESKTOP-167Q5N9</Computer><Security/></System><EventData><Data>Windows Defender</Data><Data>SECURITY_PRODUCT_STATE_ON</Data><Binary>02000000</Binary></EventData></Event><Event xmlns='http://schemas.microsoft.com/win/2004/08/events/event'><System><Provider Name='SecurityCenter'/><EventID Qualifiers='0'>1</EventID><Version>0</Version><Level>4</Level><Task>0</Task><Opcode>0</Opcode><Keywords>0x80000000000000</Keywords><TimeCreated SystemTime='2022-09-12T16:11:49.0366853Z'/><EventRecordID>55</EventRecordID><Correlation/><Execution ProcessID='0' ThreadID='0'/><Channel>Application</Channel><Computer>DESKTOP-167Q5N9</Computer><Security/></System><EventData></EventData></Event><Event xmlns='http://schemas.microsoft.com/win/2004/08/events/event'><System><Provider Name='Microsoft-Windows-CAPI2' Guid='{5bbca4a8-b209-48dc-a8c7-b23d3e5216fb}' EventSourceName='Microsoft-Windows-CAPI2'/><EventID Qualifiers='0'>4113</EventID><Version>0</Version><Level>4</Level><Task>0</Task><Opcode>0</Opcode><Keywords>0x8080000000000000</Keywords><TimeCreated SystemTime='2022-09-12T16:11:30.3821556Z'/><EventRecordID>54</EventRecordID><Correlation/><Execution ProcessID='1172' ThreadID='3596'/><Channel>Application</Channel><Computer>DESKTOP-167Q5N9</Computer><Security/></System><EventData><Data>‎quarta-feira, ‎31‎ de ‎maio‎ de ‎2017 20:28:59</Data></EventData></Event><Event xmlns='http://schemas.microsoft.com/win/2004/08/events/event'><System><Provider Name='edgeupdate'/><EventID Qualifiers='0'>0</EventID><Version>0</Version><Level>4</Level><Task>0</Task><Opcode>0</Opcode><Keywords>0x80000000000000</Keywords><TimeCreated SystemTime='2022-09-12T16:11:00.4658288Z'/><EventRecordID>53</EventRecordID><Correlation/><Execution ProcessID='0' ThreadID='0'/><Channel>Application</Channel><Computer>DESKTOP-167Q5N9</Computer><Security/></System><EventData><Data>Service stopped</Data></EventData></Event><Event xmlns='http://schemas.microsoft.com/win/2004/08/events/event'><System><Provider Name='edgeupdate'/><EventID Qualifiers='0'>0</EventID><Version>0</Version><Level>4</Level><Task>0</Task><Opcode>0</Opcode><Keywords>0x80000000000000</Keywords><TimeCreated SystemTime='2022-09-12T16:10:49.6364786Z'/><EventRecordID>52</EventRecordID><Correlation/><Execution ProcessID='0' ThreadID='0'/><Channel>Application</Channel><Computer>DESKTOP-167Q5N9</Computer><Security/></System><EventData><Data>Service stopped</Data></EventData></Event><Event xmlns='http://schemas.microsoft.com/win/2004/08/events/event'><System><Provider Name='Microsoft-Windows-CAPI2' Guid='{5bbca4a8-b209-48dc-a8c7-b23d3e5216fb}' EventSourceName='Microsoft-Windows-CAPI2'/><EventID Qualifiers='0'>4097</EventID><Version>0</Version><Level>4</Level><Task>0</Task><Opcode>0</Opcode><Keywords>0x8080000000000000</Keywords><TimeCreated SystemTime='2022-09-12T16:10:14.2225922Z'/><EventRecordID>51</EventRecordID><Correlation/><Execution ProcessID='1172' ThreadID='1548'/><Channel>Application</Channel><Computer>DESKTOP-167Q5N9</Computer><Security/></System><EventData><Data>CN=Baltimore CyberTrust Root, OU=CyberTrust, O=Baltimore, C=IE</Data><Data>D4DE20D05E66FC53FE1A50882C78DB2852CAE474</Data></EventData></Event><Event xmlns='http://schemas.microsoft.com/win/2004/08/events/event'><System><Provider Name='Microsoft-Windows-CAPI2' Guid='{5bbca4a8-b209-48dc-a8c7-b23d3e5216fb}' EventSourceName='Microsoft-Windows-CAPI2'/><EventID Qualifiers='0'>4097</EventID><Version>0</Version><Level>4</Level><Task>0</Task><Opcode>0</Opcode><Keywords>0x8080000000000000</Keywords><TimeCreated SystemTime='2022-09-12T16:10:05.7084727Z'/><EventRecordID>50</EventRecordID><Correlation/><Execution ProcessID='1172' ThreadID='1196'/><Channel>Application</Channel><Computer>DESKTOP-167Q5N9</Computer><Security/></System><EventData><Data>CN=DigiCert Global Root CA, OU=www.digicert.com, O=DigiCert Inc, C=US</Data><Data>A8985D3A65E5E5C4B2D7D66D40C6DD2FB19C5436</Data></EventData></Event><Event xmlns='http://schemas.microsoft.com/win/2004/08/events/event'><System><Provider Name='Microsoft-Windows-Winlogon' Guid='{DBE9B383-7CF3-4331-91CC-A3CB16A3B538}' EventSourceName='Wlclntfy'/><EventID Qualifiers='32768'>6000</EventID><Version>0</Version><Level>4</Level><Task>0</Task><Opcode>0</Opcode><Keywords>0x80000000000000</Keywords><TimeCreated SystemTime='2022-09-12T16:10:05.1146808Z'/><EventRecordID>49</EventRecordID><Correlation/><Execution ProcessID='0' ThreadID='0'/><Channel>Application</Channel><Computer>DESKTOP-167Q5N9</Computer><Security/></System><EventData><Data>SessionEnv</Data><Binary>D9060000</Binary></EventData></Event><Event xmlns='http://schemas.microsoft.com/win/2004/08/events/event'><System><Provider Name='Microsoft-Windows-Winlogon' Guid='{DBE9B383-7CF3-4331-91CC-A3CB16A3B538}' EventSourceName='Wlclntfy'/><EventID Qualifiers='32768'>6003</EventID><Version>0</Version><Level>4</Level><Task>0</Task><Opcode>0</Opcode><Keywords>0x80000000000000</Keywords><TimeCreated SystemTime='2022-09-12T16:10:04.7246209Z'/><EventRecordID>48</EventRecordID><Correlation/><Execution ProcessID='0' ThreadID='0'/><Channel>Application</Channel><Computer>DESKTOP-167Q5N9</Computer><Security/></System><EventData><Data>SessionEnv</Data><Binary>D9060000</Binary></EventData></Event><Event xmlns='http://schemas.microsoft.com/win/2004/08/events/event'><System><Provider Name='Microsoft-Windows-WMI' Guid='{1edeee53-0afe-4609-b846-d8c0b2075b1f}'/><EventID>5617</EventID><Version>2</Version><Level>4</Level><Task>0</Task><Opcode>0</Opcode><Keywords>0x8000000000000000</Keywords><TimeCreated SystemTime='2022-09-12T16:10:00.8095691Z'/><EventRecordID>47</EventRecordID><Correlation ActivityID='{a0e29cbf-1526-4489-b79d-efe4d310eb46}'/><Execution ProcessID='964' ThreadID='2796'/><Channel>Application</Channel><Computer>DESKTOP-167Q5N9</Computer><Security UserID='S-1-5-18'/></System><EventData></EventData></Event><Event xmlns='http://schemas.microsoft.com/win/2004/08/events/event'><System><Provider Name='Microsoft-Windows-Search' Guid='{CA4E628D-8567-4896-AB6B-835B221F373F}' EventSourceName='Windows Search Service'/><EventID Qualifiers='16384'>1003</EventID><Version>0</Version><Level>4</Level><Task>1</Task><Opcode>0</Opcode><Keywords>0x80000000000000</Keywords><TimeCreated SystemTime='2022-09-12T16:09:57.7402767Z'/><EventRecordID>46</EventRecordID><Correlation/><Execution ProcessID='0' ThreadID='0'/><Channel>Application</Channel><Computer>DESKTOP-167Q5N9</Computer><Security/></System><EventData><Data Name='ExtraInfo'>
</Data></EventData></Event><Event xmlns='http://schemas.microsoft.com/win/2004/08/events/event'><System><Provider Name='Microsoft-Windows-Search' Guid='{CA4E628D-8567-4896-AB6B-835B221F373F}' EventSourceName='Windows Search Service'/><EventID Qualifiers='16384'>1005</EventID><Version>0</Version><Level>4</Level><Task>1</Task><Opcode>0</Opcode><Keywords>0x80000000000000</Keywords><TimeCreated SystemTime='2022-09-12T16:09:57.3205839Z'/><EventRecordID>45</EventRecordID><Correlation/><Execution ProcessID='0' ThreadID='0'/><Channel>Application</Channel><Computer>DESKTOP-167Q5N9</Computer><Security/></System><EventData><Data Name='ExtraInfo'>
</Data></EventData></Event><Event xmlns='http://schemas.microsoft.com/win/2004/08/events/event'><System><Provider Name='ESENT'/><EventID Qualifiers='0'>325</EventID><Version>0</Version><Level>4</Level><Task>1</Task><Opcode>0</Opcode><Keywords>0x80000000000000</Keywords><TimeCreated SystemTime='2022-09-12T16:09:54.9574557Z'/><EventRecordID>44</EventRecordID><Correlation/><Execution ProcessID='0' ThreadID='0'/><Channel>Application</Channel><Computer>DESKTOP-167Q5N9</Computer><Security/></System><EventData><Data>SearchIndexer</Data><Data>2524,D,35</Data><Data>Windows: </Data><Data>1</Data><Data>C:\ProgramData\Microsoft\Search\Data\Applications\Windows\Windows.edb</Data><Data>2</Data><Data>
[1] 0.000118 +J(0) +M(C:0K, Fs:9, WS:36K # 0K, PF:32K # 0K, P:32K)
[2] 0.000392 -0.000098 (1) WT +J(CM:0, PgRf:0, Rd:0/0, Dy:0/0, Lg:3480/2) +M(C:0K, Fs:3, WS:12K # 0K, PF:0K # 0K, P:0K)
[3] 0.004974 -0.000555 (3) WT +J(0) +M(C:0K, Fs:23, WS:56K # 0K, PF:48K # 0K, P:48K)
[4] 0.835783 -0.834552 (1) WT +J(0) +M(C:0K, Fs:7, WS:28K # 0K, PF:84K # 0K, P:84K)
[5] 0.057218 -0.055877 (2) WT +J(CM:0, PgRf:3, Rd:0/0, Dy:3/6, Lg:122/4) +M(C:0K, Fs:58, WS:200K # 0K, PF:244K # 0K, P:244K)
[6] 0.001847 -0.000119 (1) WT +J(CM:0, PgRf:209, Rd:0/0, Dy:12/408, Lg:24454/447) +M(C:0K, Fs:140, WS:556K # 272K, PF:632K # 92K, P:632K)
[7] 0.000651 -0.000272 (3) WT +J(CM:0, PgRf:0, Rd:0/0, Dy:0/0, Lg:4096/3) +M(C:0K, Fs:10, WS:8K # 40K, PF:0K # 28K, P:0K)
[8] 0.000003 +J(0)
[9] 1.796212 -0.000004 (15) CM -1.794520 (24) WT +J(CM:15, PgRf:0, Rd:0/15, Dy:0/0, Lg:0/0) +M(C:0K, Fs:145, WS:32K # 16K, PF:-40K # 0K, P:-40K)
[10] 0.108683 -0.107055 (6) WT +J(CM:0, PgRf:346, Rd:0/0, Dy:7/93, Lg:12509/130) +M(C:0K, Fs:44, WS:144K # 160K, PF:148K # 108K, P:148K)
[11] 0.000004 +J(0).</Data><Data>0 0</Data><Data>lgposCreate = 00000001:0001:0268,
dbv = 1568.110.240</Data></EventData></Event><Event xmlns='http://schemas.microsoft.com/win/2004/08/events/event'><System><Provider Name='ESENT'/><EventID Qualifiers='0'>105</EventID><Version>0</Version><Level>4</Level><Task>1</Task><Opcode>0</Opcode><Keywords>0x80000000000000</Keywords><TimeCreated SystemTime='2022-09-12T16:09:52.1297676Z'/><EventRecordID>43</EventRecordID><Correlation/><Execution ProcessID='0' ThreadID='0'/><Channel>Application</Channel><Computer>DESKTOP-167Q5N9</Computer><Security/></System><EventData><Data>SearchIndexer</Data><Data>2524,D,0</Data><Data>Windows: </Data><Data>0</Data><Data>0</Data><Data>
[1] 0.007059 +J(0) +M(C:0K, Fs:243, WS:956K # 0K, PF:4972K # 4972K, P:4972K)
[2] 0.000424 +J(0) +M(C:0K, Fs:124, WS:492K # 0K, PF:380K # 380K, P:380K)
[3] 0.000581 +J(0) +M(C:0K, Fs:6, WS:20K # 0K, PF:68K # 68K, P:68K)
[4] 0.000146 +J(0) +M(C:0K, Fs:32, WS:128K # 0K, PF:356K # 356K, P:356K)
[5] 0.000876 +J(0) +M(C:0K, Fs:14, WS:56K # 0K, PF:32K # 32K, P:32K)
[6] 0.001265 +J(0) +M(C:0K, Fs:17, WS:64K # 0K, PF:12K # 12K, P:12K)
[7] -
[8] -
[9] -
[10] -
[11] -
[12] -
[13] 0.011182 -0.000860 (4) WT +J(CM:0, PgRf:0, Rd:0/0, Dy:0/0, Lg:616/1) +M(C:0K, Fs:559, WS:1216K # 1996K, PF:24K # 1044K, P:24K)
[14] 0.000013 +J(0)
[15] 0.000110 +J(0) +M(C:0K, Fs:65, WS:260K # 0K, PF:64K # 0K, P:64K)
[16] 0.001911 -0.000319 (2) WT +J(0) +M(C:0K, Fs:6, WS:16K # 0K, PF:0K # 0K, P:0K).</Data><Data></Data></EventData></Event><Event xmlns='http://schemas.microsoft.com/win/2004/08/events/event'><System><Provider Name='ESENT'/><EventID Qualifiers='0'>102</EventID><Version>0</Version><Level>4</Level><Task>1</Task><Opcode>0</Opcode><Keywords>0x80000000000000</Keywords><TimeCreated SystemTime='2022-09-12T16:09:52.1297676Z'/><EventRecordID>42</EventRecordID><Correlation/><Execution ProcessID='0' ThreadID='0'/><Channel>Application</Channel><Computer>DESKTOP-167Q5N9</Computer><Security/></System><EventData><Data>SearchIndexer</Data><Data>2524,P,98</Data><Data>Windows: </Data><Data>0</Data><Data>10</Data><Data>00</Data><Data>19044</Data><Data>0000</Data></EventData></Event><Event xmlns='http://schemas.microsoft.com/win/2004/08/events/event'><System><Provider Name='Microsoft-Windows-Search' Guid='{CA4E628D-8567-4896-AB6B-835B221F373F}' EventSourceName='Windows Search Service'/><EventID Qualifiers='16384'>1004</EventID><Version>0</Version><Level>4</Level><Task>1</Task><Opcode>0</Opcode><Keywords>0x80000000000000</Keywords><TimeCreated SystemTime='2022-09-12T16:09:51.9755188Z'/><EventRecordID>41</EventRecordID><Correlation/><Execution ProcessID='0' ThreadID='0'/><Channel>Application</Channel><Computer>DESKTOP-167Q5N9</Computer><Security/></System><EventData><Data Name='ExtraInfo'>
</Data><Data Name='Reason'>Redefinição Completa do Índice</Data></EventData></Event><Event xmlns='http://schemas.microsoft.com/win/2004/08/events/event'><System><Provider Name='Microsoft-Windows-Search' Guid='{CA4E628D-8567-4896-AB6B-835B221F373F}' EventSourceName='Windows Search Service'/><EventID Qualifiers='16384'>1010</EventID><Version>0</Version><Level>4</Level><Task>1</Task><Opcode>0</Opcode><Keywords>0x80000000000000</Keywords><TimeCreated SystemTime='2022-09-12T16:09:49.9600549Z'/><EventRecordID>40</EventRecordID><Correlation/><Execution ProcessID='0' ThreadID='0'/><Channel>Application</Channel><Computer>DESKTOP-167Q5N9</Computer><Security/></System><EventData><Data Name='ExtraInfo'>
</Data></EventData></Event><Event xmlns='http://schemas.microsoft.com/win/2004/08/events/event'><System><Provider Name='Microsoft-Windows-Search' Guid='{CA4E628D-8567-4896-AB6B-835B221F373F}' EventSourceName='Windows Search Service'/><EventID Qualifiers='32768'>1008</EventID><Version>0</Version><Level>3</Level><Task>1</Task><Opcode>0</Opcode><Keywords>0x80000000000000</Keywords><TimeCreated SystemTime='2022-09-12T16:09:49.9600549Z'/><EventRecordID>39</EventRecordID><Correlation/><Execution ProcessID='0' ThreadID='0'/><Channel>Application</Channel><Computer>DESKTOP-167Q5N9</Computer><Security/></System><EventData><Data Name='ExtraInfo'>
</Data><Data Name='Reason'>Redefinição Completa do Índice</Data></EventData></Event><Event xmlns='http://schemas.microsoft.com/win/2004/08/events/event'><System><Provider Name='Microsoft-Windows-Search-ProfileNotify' Guid='{FC6F77DD-769A-470E-BCF9-1B6555A118BE}' EventSourceName='Windows Search Service Profile Notification'/><EventID Qualifiers='16384'>5</EventID><Version>0</Version><Level>4</Level><Task>0</Task><Opcode>0</Opcode><Keywords>0x80000000000000</Keywords><TimeCreated SystemTime='2022-09-12T16:09:48.9581940Z'/><EventRecordID>38</EventRecordID><Correlation/><Execution ProcessID='0' ThreadID='0'/><Channel>Application</Channel><Computer>DESKTOP-167Q5N9</Computer><Security/></System><EventData><Data Name='User'>DESKTOP-167Q5N9\defaultuser0</Data><Binary></Binary></EventData></Event><Event xmlns='http://schemas.microsoft.com/win/2004/08/events/event'><System><Provider Name='Microsoft-Windows-WMI' Guid='{1edeee53-0afe-4609-b846-d8c0b2075b1f}'/><EventID>5615</EventID><Version>2</Version><Level>4</Level><Task>0</Task><Opcode>0</Opcode><Keywords>0x8000000000000000</Keywords><TimeCreated SystemTime='2022-09-12T16:09:43.5765810Z'/><EventRecordID>37</EventRecordID><Correlation/><Execution ProcessID='964' ThreadID='1596'/><Channel>Application</Channel><Computer>DESKTOP-167Q5N9</Computer><Security UserID='S-1-5-18'/></System><EventData></EventData></Event><Event xmlns='http://schemas.microsoft.com/win/2004/08/events/event'><System><Provider Name='Microsoft-Windows-User Profiles Service' Guid='{89b1e9f0-5aff-44a6-9b44-0a07a7ce5845}'/><EventID>1531</EventID><Version>0</Version><Level>4</Level><Task>0</Task><Opcode>0</Opcode><Keywords>0x8000000000000000</Keywords><TimeCreated SystemTime='2022-09-12T16:09:42.0463833Z'/><EventRecordID>36</EventRecordID><Correlation/><Execution ProcessID='964' ThreadID='1424'/><Channel>Application</Channel><Computer>DESKTOP-167Q5N9</Computer><Security UserID='S-1-5-18'/></System><EventData></EventData></Event><Event xmlns='http://schemas.microsoft.com/win/2004/08/events/event'><System><Provider Name='Microsoft-Windows-EventSystem' Guid='{899daace-4868-4295-afcd-9eb8fb497561}' EventSourceName='EventSystem'/><EventID Qualifiers='16384'>4625</EventID><Version>0</Version><Level>4</Level><Task>0</Task><Opcode>0</Opcode><Keywords>0x80000000000000</Keywords><TimeCreated SystemTime='2022-09-12T16:09:42.4741552Z'/><EventRecordID>35</EventRecordID><Correlation/><Execution ProcessID='0' ThreadID='0'/><Channel>Application</Channel><Computer>DESKTOP-167Q5N9</Computer><Security/></System><EventData><Data Name='param1'>86400</Data><Data Name='param2'>SuppressDuplicateDuration</Data><Data Name='param3'>Software\Microsoft\EventSystem\EventLog</Data></EventData></Event><Event xmlns='http://schemas.microsoft.com/win/2004/08/events/event'><System><Provider Name='Microsoft-Windows-Security-SPP' Guid='{E23B33B0-C8C9-472C-A5F9-F2BDFEA0F156}' EventSourceName='Software Protection Platform Service'/><EventID Qualifiers='16384'>1003</EventID><Version>0</Version><Level>4</Level><Task>0</Task><Opcode>0</Opcode><Keywords>0x80000000000000</Keywords><TimeCreated SystemTime='2022-09-12T16:09:41.7383135Z'/><EventRecordID>34</EventRecordID><Correlation/><Execution ProcessID='0' ThreadID='0'/><Channel>Application</Channel><Computer>DESKTOP-167Q5N9</Computer><Security/></System><EventData><Data>55c92734-d682-4d71-983e-d6ec3f16059f</Data><Data>
1: 040fa323-92b1-4baf-97a2-5b67feaefddb, 1, 0 [(0 [0xC004F014, 0, 0], [(?)(?)(?)(?)(?)(?)(?)(?)])(1 )(2 )(3 )]
2: 0724cb7d-3437-4cb7-93cb-830375d0079d, 1, 0 [(0 [0xC004F014, 0, 0], [(?)(?)(?)(?)(?)(?)(?)(?)])(1 )(2 )(3 )]
3: 0ad2ac98-7bb9-4201-8d92-312299201369, 1, 0 [(0 [0xC004F014, 0, 0], [(?)(?)(?)(?)(?)(?)(?)(?)])(1 )(2 )(3 )]
4: 1a9a717a-cf13-4ba5-83c3-0fe25fa868d5, 1, 0 [(0 [0xC004F014, 0, 0], [(?)(?)(?)(?)(?)(?)(?)(?)])(1 )(2 )(3 )]
5: 221a02da-e2a1-4b75-864c-0a4410a33fdf, 1, 0 [(0 [0xC004F014, 0, 0], [(?)(?)(?)(?)(?)(?)(?)(?)])(1 )(2 )(3 )]
6: 291ece0e-9c38-40ca-a9e1-32cc7ec19507, 1, 0 [(0 [0xC004F014, 0, 0], [(?)(?)(?)(?)(?)(?)(?)(?)])(1 )(2 )(3 )]
7: 2936d1d2-913a-4542-b54e-ce5a602a2a38, 1, 0 [(0 [0xC004F014, 0, 0], [(?)(?)(?)(?)(?)(?)(?)(?)])(1 )(2 )(3 )]
8: 2c293c26-a45a-4a2a-a350-c69a67097529, 1, 0 [(0 [0xC004F014, 0, 0], [(?)(?)(?)(?)(?)(?)(?)(?)])(1 )(2 )(3 )]
9: 2de67392-b7a7-462a-b1ca-108dd189f588, 1, 0 [(0 [0xC004F014, 0, 0], [(?)(?)(?)(?)(?)(?)(?)(?)])(1 )(2 )(3 )]
10: 2ffd8952-423e-4903-b993-72a1aa44cf82, 1, 0 [(0 [0xC004F014, 0, 0], [(?)(?)(?)(?)(?)(?)(?)(?)])(1 )(2 )(3 )]
11: 30a42c86-b7a0-4a34-8c90-ff177cb2acb7, 1, 0 [(0 [0xC004F014, 0, 0], [(?)(?)(?)(?)(?)(?)(?)(?)])(1 )(2 )(3 )]
12: 345a5db0-d94f-4e3b-a0c0-7c42f7bc3ebf, 1, 0 [(0 [0xC004F014, 0, 0], [(?)(?)(?)(?)(?)(?)(?)(?)])(1 )(2 )(3 )]
13: 3502365a-f88a-4ba4-822a-5769d3073b65, 1, 0 [(0 [0xC004F014, 0, 0], [(?)(?)(?)(?)(?)(?)(?)(?)])(1 )(2 )(3 )]
14: 377333b1-8b5d-48d6-9679-1225c872d37c, 1, 0 [(0 [0xC004F014, 0, 0], [(?)(?)(?)(?)(?)(?)(?)(?)])(1 )(2 )(3 )]
15: 3df374ef-d444-4494-a5a1-4b0d9fd0e203, 1, 0 [(0 [0xC004F014, 0, 0], [(?)(?)(?)(?)(?)(?)(?)(?)])(1 )(2 )(3 )]
16: 3f1afc82-f8ac-4f6c-8005-1d233e606eee, 1, 0 [(0 [0xC004F014, 0, 0], [(?)(?)(?)(?)(?)(?)(?)(?)])(1 )(2 )(3 )]
17: 49cd895b-53b2-4dc4-a5f7-b18aa019ad37, 1, 0 [(0 [0xC004F014, 0, 0], [(?)(?)(?)(?)(?)(?)(?)(?)])(1 )(2 )(3 )]
18: 4de7cb65-cdf1-4de9-8ae8-e3cce27b9f2c, 1, 0 [(0 )(1 )(2 [0xC004E003, 0, 0], [( 1 0xC004F034)( 1 0xC004F034)(?)(?)(?)(?)(?)(?)])(3 [0x00000000, 0, 0], [( 6 0xC004F009 0 0)( 1 0x00000000)( 6 0xC004F009 0 0)(?)(?)(?)( 10 0x00000000 msft:rm/algorithm/flags/1.0)( 11 0x00000000 0xC004F034)])]
19: 4f3da0d2-271d-4508-ae81-626b60809a38, 1, 0 [(0 [0xC004F014, 0, 0], [(?)(?)(?)(?)(?)(?)(?)(?)])(1 )(2 )(3 )]
20: 60b3ec1b-9545-4921-821f-311b129dd6f6, 1, 0 [(0 [0xC004F014, 0, 0], [(?)(?)(?)(?)(?)(?)(?)(?)])(1 )(2 )(3 )]
21: 613d217f-7f13-4268-9907-1662339531cd, 1, 0 [(0 [0xC004F014, 0, 0], [(?)(?)(?)(?)(?)(?)(?)(?)])(1 )(2 )(3 )]
22: 62f0c100-9c53-4e02-b886-a3528ddfe7f6, 1, 0 [(0 [0xC004F014, 0, 0], [(?)(?)(?)(?)(?)(?)(?)(?)])(1 )(2 )(3 )]
23: 6365275e-368d-46ca-a0ef-fc0404119333, 1, 0 [(0 [0xC004F014, 0, 0], [(?)(?)(?)(?)(?)(?)(?)(?)])(1 )(2 )(3 )]
24: 721f9237-9341-4453-a661-09e8baa6cca5, 1, 0 [(0 [0xC004F014, 0, 0], [(?)(?)(?)(?)(?)(?)(?)(?)])(1 )(2 )(3 )]
25: 73111121-5638-40f6-bc11-f1d7b0d64300, 1, 0 [(0 [0xC004F014, 0, 0], [(?)(?)(?)(?)(?)(?)(?)(?)])(1 )(2 )(3 )]
26: 7a802526-4c94-4bd1-ba14-835a1aca2120, 1, 0 [(0 [0xC004F014, 0, 0], [(?)(?)(?)(?)(?)(?)(?)(?)])(1 )(2 )(3 )]
27: 7cb546c0-c7d5-44d8-9a5c-69ecdd782b69, 1, 0 [(0 [0xC004F014, 0, 0], [(?)(?)(?)(?)(?)(?)(?)(?)])(1 )(2 )(3 )]
28: 82bbc092-bc50-4e16-8e18-b74fc486aec3, 1, 0 [(0 [0xC004F014, 0, 0], [(?)(?)(?)(?)(?)(?)(?)(?)])(1 )(2 )(3 )]
29: 8ab9bdd1-1f67-4997-82d9-8878520837d9, 1, 0 [(0 [0xC004F014, 0, 0], [(?)(?)(?)(?)(?)(?)(?)(?)])(1 )(2 )(3 )]
30: 8b351c9c-f398-4515-9900-09df49427262, 1, 0 [(0 [0xC004F014, 0, 0], [(?)(?)(?)(?)(?)(?)(?)(?)])(1 )(2 )(3 )]
31: 90da7373-1c51-430b-bf26-c97e9c5cdc31, 1, 0 [(0 [0xC004F014, 0, 0], [(?)(?)(?)(?)(?)(?)(?)(?)])(1 )(2 )(3 )]
32: 95dca82f-385d-4d39-b85b-5c73fa285d6f, 1, 0 [(0 [0xC004F014, 0, 0], [(?)(?)(?)(?)(?)(?)(?)(?)])(1 )(2 )(3 )]
33: a48938aa-62fa-4966-9d44-9f04da3f72f2, 1, 0 [(0 [0xC004F014, 0, 0], [(?)(?)(?)(?)(?)(?)(?)(?)])(1 )(2 )(3 )]
34: b0773a15-df3a-4312-9ad2-83d69648e356, 1, 0 [(0 [0xC004F014, 0, 0], [(?)(?)(?)(?)(?)(?)(?)(?)])(1 )(2 )(3 )]
35: b4bfe195-541e-4e64-ad23-6177f19e395e, 1, 0 [(0 [0xC004F014, 0, 0], [(?)(?)(?)(?)(?)(?)(?)(?)])(1 )(2 )(3 )]
36: b68e61d2-68ca-4757-be45-0cc2f3e68eee, 1, 0 [(0 [0xC004F014, 0, 0], [(?)(?)(?)(?)(?)(?)(?)(?)])(1 )(2 )(3 )]
37: bd3762d7-270d-4760-8fb3-d829ca45278a, 1, 0 [(0 [0xC004F014, 0, 0], [(?)(?)(?)(?)(?)(?)(?)(?)])(1 )(2 )(3 )]
38: c86d5194-4840-4dae-9c1c-0301003a5ab0, 1, 0 [(0 [0xC004F014, 0, 0], [(?)(?)(?)(?)(?)(?)(?)(?)])(1 )(2 )(3 )]
39: d552befb-48cc-4327-8f39-47d2d94f987c, 1, 0 [(0 [0xC004F014, 0, 0], [(?)(?)(?)(?)(?)(?)(?)(?)])(1 )(2 )(3 )]
40: d6eadb3b-5ca8-4a6b-986e-35b550756111, 1, 0 [(0 [0xC004F014, 0, 0], [(?)(?)(?)(?)(?)(?)(?)(?)])(1 )(2 )(3 )]
41: df96023b-dcd9-4be2-afa0-c6c871159ebe, 1, 0 [(0 [0xC004F014, 0, 0], [(?)(?)(?)(?)(?)(?)(?)(?)])(1 )(2 )(3 )]
42: e0c42288-980c-4788-a014-c080d2e1926e, 1, 0 [(0 [0xC004F014, 0, 0], [(?)(?)(?)(?)(?)(?)(?)(?)])(1 )(2 )(3 )]
43: e4db50ea-bda1-4566-b047-0ca50abc6f07, 1, 0 [(0 [0xC004F014, 0, 0], [(?)(?)(?)(?)(?)(?)(?)(?)])(1 )(2 )(3 )]
44: e558417a-5123-4f6f-91e7-385c1c7ca9d4, 1, 0 [(0 [0xC004F014, 0, 0], [(?)(?)(?)(?)(?)(?)(?)(?)])(1 )(2 )(3 )]
45: e7a950a2-e548-4f10-bf16-02ec848e0643, 1, 0 [(0 [0xC004F014, 0, 0], [(?)(?)(?)(?)(?)(?)(?)(?)])(1 )(2 )(3 )]
46: eb6d346f-1c60-4643-b960-40ec31596c45, 1, 0 [(0 [0xC004F014, 0, 0], [(?)(?)(?)(?)(?)(?)(?)(?)])(1 )(2 )(3 )]
47: ec868e65-fadf-4759-b23e-93fe37f2cc29, 1, 0 [(0 [0xC004F014, 0, 0], [(?)(?)(?)(?)(?)(?)(?)(?)])(1 )(2 )(3 )]
48: ef51e000-2659-4f25-8345-3de70a9cf4c4, 1, 0 [(0 [0xC004F014, 0, 0], [(?)(?)(?)(?)(?)(?)(?)(?)])(1 )(2 )(3 )]
49: f7af7d09-40e4-419c-a49b-eae366689ebd, 1, 0 [(0 [0xC004F014, 0, 0], [(?)(?)(?)(?)(?)(?)(?)(?)])(1 )(2 )(3 )]
50: fa755fe6-6739-40b9-8d84-6d0ea3b6d1ab, 1, 0 [(0 [0xC004F014, 0, 0], [(?)(?)(?)(?)(?)(?)(?)(?)])(1 )(2 )(3 )]
51: fe74f55b-0338-41d6-b267-4a201abe7285, 1, 0 [(0 [0xC004F014, 0, 0], [(?)(?)(?)(?)(?)(?)(?)(?)])(1 )(2 )(3 )]

</Data></EventData></Event><Event xmlns='http://schemas.microsoft.com/win/2004/08/events/event'><System><Provider Name='Microsoft-Windows-Security-SPP' Guid='{E23B33B0-C8C9-472C-A5F9-F2BDFEA0F156}' EventSourceName='Software Protection Platform Service'/><EventID Qualifiers='16384'>1034</EventID><Version>0</Version><Level>4</Level><Task>0</Task><Opcode>0</Opcode><Keywords>0x80000000000000</Keywords><TimeCreated SystemTime='2022-09-12T16:09:41.6429512Z'/><EventRecordID>33</EventRecordID><Correlation/><Execution ProcessID='0' ThreadID='0'/><Channel>Application</Channel><Computer>DESKTOP-167Q5N9</Computer><Security/></System><EventData><Data>Security-SPP-WriteWauMarker</Data><Data>500</Data></EventData></Event><Event xmlns='http://schemas.microsoft.com/win/2004/08/events/event'><System><Provider Name='Microsoft-Windows-Security-SPP' Guid='{E23B33B0-C8C9-472C-A5F9-F2BDFEA0F156}' EventSourceName='Software Protection Platform Service'/><EventID Qualifiers='16384'>1034</EventID><Version>0</Version><Level>4</Level><Task>0</Task><Opcode>0</Opcode><Keywords>0x80000000000000</Keywords><TimeCreated SystemTime='2022-09-12T16:09:41.6178932Z'/><EventRecordID>32</EventRecordID><Correlation/><Execution ProcessID='0' ThreadID='0'/><Channel>Application</Channel><Computer>DESKTOP-167Q5N9</Computer><Security/></System><EventData><Data>AAD-BlockAADWorkplaceJoin-Default</Data><Data>100</Data></EventData></Event><Event xmlns='http://schemas.microsoft.com/win/2004/08/events/event'><System><Provider Name='Microsoft-Windows-Security-SPP' Guid='{E23B33B0-C8C9-472C-A5F9-F2BDFEA0F156}' EventSourceName='Software Protection Platform Service'/><EventID Qualifiers='16384'>1034</EventID><Version>0</Version><Level>4</Level><Task>0</Task><Opcode>0</Opcode><Keywords>0x80000000000000</Keywords><TimeCreated SystemTime='2022-09-12T16:09:41.5828596Z'/><EventRecordID>31</EventRecordID><Correlation/><Execution ProcessID='0' ThreadID='0'/><Channel>Application</Channel><Computer>DESKTOP-167Q5N9</Computer><Security/></System><EventData><Data>AAD-BlockAADWorkplaceJoin-Default</Data><Data>100</Data></EventData></Event><Event xmlns='http://schemas.microsoft.com/win/2004/08/events/event'><System><Provider Name='Microsoft-Windows-Security-SPP' Guid='{E23B33B0-C8C9-472C-A5F9-F2BDFEA0F156}' EventSourceName='Software Protection Platform Service'/><EventID Qualifiers='16384'>1034</EventID><Version>0</Version><Level>4</Level><Task>0</Task><Opcode>0</Opcode><Keywords>0x80000000000000</Keywords><TimeCreated SystemTime='2022-09-12T16:09:41.5367235Z'/><EventRecordID>30</EventRecordID><Correlation/><Execution ProcessID='0' ThreadID='0'/><Channel>Application</Channel><Computer>DESKTOP-167Q5N9</Computer><Security/></System><EventData><Data>AAD-BlockAADWorkplaceJoin-Default</Data><Data>100</Data></EventData></Event><Event xmlns='http://schemas.microsoft.com/win/2004/08/events/event'><System><Provider Name='Microsoft-Windows-Security-SPP' Guid='{E23B33B0-C8C9-472C-A5F9-F2BDFEA0F156}' EventSourceName='Software Protection Platform Service'/><EventID Qualifiers='16384'>1034</EventID><Version>0</Version><Level>4</Level><Task>0</Task><Opcode>0</Opcode><Keywords>0x80000000000000</Keywords><TimeCreated SystemTime='2022-09-12T16:09:41.5041309Z'/><EventRecordID>29</EventRecordID><Correlation/><Execution ProcessID='0' ThreadID='0'/><Channel>Application</Channel><Computer>DESKTOP-167Q5N9</Computer><Security/></System><EventData><Data>AAD-BlockAADWorkplaceJoin-Default</Data><Data>100</Data></EventData></Event><Event xmlns='http://schemas.microsoft.com/win/2004/08/events/event'><System><Provider Name='Microsoft-Windows-Security-SPP' Guid='{E23B33B0-C8C9-472C-A5F9-F2BDFEA0F156}' EventSourceName='Software Protection Platform Service'/><EventID Qualifiers='16384'>1034</EventID><Version>0</Version><Level>4</Level><Task>0</Task><Opcode>0</Opcode><Keywords>0x80000000000000</Keywords><TimeCreated SystemTime='2022-09-12T16:09:41.4543893Z'/><EventRecordID>28</EventRecordID><Correlation/><Execution ProcessID='0' ThreadID='0'/><Channel>Application</Channel><Computer>DESKTOP-167Q5N9</Computer><Security/></System><EventData><Data>AAD-BlockAADWorkplaceJoin-Default</Data><Data>100</Data></EventData></Event><Event xmlns='http://schemas.microsoft.com/win/2004/08/events/event'><System><Provider Name='Microsoft-Windows-Security-SPP' Guid='{E23B33B0-C8C9-472C-A5F9-F2BDFEA0F156}' EventSourceName='Software Protection Platform Service'/><EventID Qualifiers='16384'>1034</EventID><Version>0</Version><Level>4</Level><Task>0</Task><Opcode>0</Opcode><Keywords>0x80000000000000</Keywords><TimeCreated SystemTime='2022-09-12T16:09:41.4102219Z'/><EventRecordID>27</EventRecordID><Correlation/><Execution ProcessID='0' ThreadID='0'/><Channel>Application</Channel><Computer>DESKTOP-167Q5N9</Computer><Security/></System><EventData><Data>AAD-BlockAADWorkplaceJoin-Default</Data><Data>100</Data></EventData></Event><Event xmlns='http://schemas.microsoft.com/win/2004/08/events/event'><System><Provider Name='Microsoft-Windows-Security-SPP' Guid='{E23B33B0-C8C9-472C-A5F9-F2BDFEA0F156}' EventSourceName='Software Protection Platform Service'/><EventID Qualifiers='16384'>1034</EventID><Version>0</Version><Level>4</Level><Task>0</Task><Opcode>0</Opcode><Keywords>0x80000000000000</Keywords><TimeCreated SystemTime='2022-09-12T16:09:41.2848948Z'/><EventRecordID>26</EventRecordID><Correlation/><Execution ProcessID='0' ThreadID='0'/><Channel>Application</Channel><Computer>DESKTOP-167Q5N9</Computer><Security/></System><EventData><Data>AAD-BlockAADWorkplaceJoin-Default</Data><Data>100</Data></EventData></Event><Event xmlns='http://schemas.microsoft.com/win/2004/08/events/event'><System><Provider Name='Microsoft-Windows-Security-SPP' Guid='{E23B33B0-C8C9-472C-A5F9-F2BDFEA0F156}' EventSourceName='Software Protection Platform Service'/><EventID Qualifiers='16384'>1034</EventID><Version>0</Version><Level>4</Level><Task>0</Task><Opcode>0</Opcode><Keywords>0x80000000000000</Keywords><TimeCreated SystemTime='2022-09-12T16:09:41.2399333Z'/><EventRecordID>25</EventRecordID><Correlation/><Execution ProcessID='0' ThreadID='0'/><Channel>Application</Channel><Computer>DESKTOP-167Q5N9</Computer><Security/></System><EventData><Data>AAD-BlockAADWorkplaceJoin-Default</Data><Data>100</Data></EventData></Event><Event xmlns='http://schemas.microsoft.com/win/2004/08/events/event'><System><Provider Name='Microsoft-Windows-Security-SPP' Guid='{E23B33B0-C8C9-472C-A5F9-F2BDFEA0F156}' EventSourceName='Software Protection Platform Service'/><EventID Qualifiers='16384'>1034</EventID><Version>0</Version><Level>4</Level><Task>0</Task><Opcode>0</Opcode><Keywords>0x80000000000000</Keywords><TimeCreated SystemTime='2022-09-12T16:09:41.1911356Z'/><EventRecordID>24</EventRecordID><Correlation/><Execution ProcessID='0' ThreadID='0'/><Channel>Application</Channel><Computer>DESKTOP-167Q5N9</Computer><Security/></System><EventData><Data>AAD-BlockAADWorkplaceJoin-Default</Data><Data>100</Data></EventData></Event><Event xmlns='http://schemas.microsoft.com/win/2004/08/events/event'><System><Provider Name='Microsoft-Windows-Security-SPP' Guid='{E23B33B0-C8C9-472C-A5F9-F2BDFEA0F156}' EventSourceName='Software Protection Platform Service'/><EventID Qualifiers='16384'>1016</EventID><Version>0</Version><Level>4</Level><Task>0</Task><Opcode>0</Opcode><Keywords>0x80000000000000</Keywords><TimeCreated SystemTime='2022-09-12T16:09:40.6891382Z'/><EventRecordID>23</EventRecordID><Correlation/><Execution ProcessID='0' ThreadID='0'/><Channel>Application</Channel><Computer>DESKTOP-167Q5N9</Computer><Security/></System><EventData><Data>4de7cb65-cdf1-4de9-8ae8-e3cce27b9f2c</Data><Data>3c40a285-2469-ae8d-e740-6be881cd3eb6</Data></EventData></Event><Event xmlns='http://schemas.microsoft.com/win/2004/08/events/event'><System><Provider Name='Microsoft-Windows-User Profiles Service' Guid='{89b1e9f0-5aff-44a6-9b44-0a07a7ce5845}'/><EventID>1532</EventID><Version>0</Version><Level>4</Level><Task>0</Task><Opcode>0</Opcode><Keywords>0x8000000000000000</Keywords><TimeCreated SystemTime='2022-09-12T16:09:14.7861590Z'/><EventRecordID>22</EventRecordID><Correlation/><Execution ProcessID='972' ThreadID='1236'/><Channel>Application</Channel><Computer>WIN-MQT1RJFT2FC</Computer><Security UserID='S-1-5-18'/></System><EventData></EventData></Event><Event xmlns='http://schemas.microsoft.com/win/2004/08/events/event'><System><Provider Name='Microsoft-Windows-Security-SPP' Guid='{E23B33B0-C8C9-472C-A5F9-F2BDFEA0F156}' EventSourceName='Software Protection Platform Service'/><EventID Qualifiers='16384'>902</EventID><Version>0</Version><Level>0</Level><Task>0</Task><Opcode>0</Opcode><Keywords>0x80000000000000</Keywords><TimeCreated SystemTime='2022-09-12T16:09:13.0321205Z'/><EventRecordID>21</EventRecordID><Correlation/><Execution ProcessID='0' ThreadID='0'/><Channel>Application</Channel><Computer>WIN-MQT1RJFT2FC</Computer><Security/></System><EventData><Data>10.0.19041.1266</Data></EventData></Event><Event xmlns='http://schemas.microsoft.com/win/2004/08/events/event'><System><Provider Name='Microsoft-Windows-Security-SPP' Guid='{E23B33B0-C8C9-472C-A5F9-F2BDFEA0F156}' EventSourceName='Software Protection Platform Service'/><EventID Qualifiers='16384'>1061</EventID><Version>0</Version><Level>4</Level><Task>0</Task><Opcode>0</Opcode><Keywords>0x80000000000000</Keywords><TimeCreated SystemTime='2022-09-12T16:09:12.9848675Z'/><EventRecordID>20</EventRecordID><Correlation/><Execution ProcessID='0' ThreadID='0'/><Channel>Application</Channel><Computer>WIN-MQT1RJFT2FC</Computer><Security/></System><EventData><Data>4</Data><Data>48</Data></EventData></Event><Event xmlns='http://schemas.microsoft.com/win/2004/08/events/event'><System><Provider Name='Microsoft-Windows-CAPI2' Guid='{5bbca4a8-b209-48dc-a8c7-b23d3e5216fb}' EventSourceName='Microsoft-Windows-CAPI2'/><EventID Qualifiers='0'>4112</EventID><Version>0</Version><Level>4</Level><Task>0</Task><Opcode>0</Opcode><Keywords>0x8080000000000000</Keywords><TimeCreated SystemTime='2022-09-12T16:09:11.7531203Z'/><EventRecordID>19</EventRecordID><Correlation/><Execution ProcessID='1392' ThreadID='3716'/><Channel>Application</Channel><Computer>WIN-MQT1RJFT2FC</Computer><Security/></System><EventData><Data>‎terça-feira, ‎16‎ de ‎março‎ de ‎2021 04:29:24</Data></EventData></Event><Event xmlns='http://schemas.microsoft.com/win/2004/08/events/event'><System><Provider Name='Microsoft-Windows-Security-SPP' Guid='{E23B33B0-C8C9-472C-A5F9-F2BDFEA0F156}' EventSourceName='Software Protection Platform Service'/><EventID Qualifiers='16384'>1003</EventID><Version>0</Version><Level>4</Level><Task>0</Task><Opcode>0</Opcode><Keywords>0x80000000000000</Keywords><TimeCreated SystemTime='2022-09-12T16:09:10.9228638Z'/><EventRecordID>18</EventRecordID><Correlation/><Execution ProcessID='0' ThreadID='0'/><Channel>Application</Channel><Computer>WIN-MQT1RJFT2FC</Computer><Security/></System><EventData><Data>55c92734-d682-4d71-983e-d6ec3f16059f</Data><Data>
1: 040fa323-92b1-4baf-97a2-5b67feaefddb, 1, 0 [(0 [0xC004F014, 0, 0], [(?)(?)(?)(?)(?)(?)(?)(?)])(1 )(2 )(3 )]
2: 0724cb7d-3437-4cb7-93cb-830375d0079d, 1, 0 [(0 [0xC004F014, 0, 0], [(?)(?)(?)(?)(?)(?)(?)(?)])(1 )(2 )(3 )]
3: 0ad2ac98-7bb9-4201-8d92-312299201369, 1, 0 [(0 [0xC004F014, 0, 0], [(?)(?)(?)(?)(?)(?)(?)(?)])(1 )(2 )(3 )]
4: 1a9a717a-cf13-4ba5-83c3-0fe25fa868d5, 1, 0 [(0 [0xC004F014, 0, 0], [(?)(?)(?)(?)(?)(?)(?)(?)])(1 )(2 )(3 )]
5: 221a02da-e2a1-4b75-864c-0a4410a33fdf, 1, 0 [(0 [0xC004F014, 0, 0], [(?)(?)(?)(?)(?)(?)(?)(?)])(1 )(2 )(3 )]
6: 291ece0e-9c38-40ca-a9e1-32cc7ec19507, 1, 0 [(0 [0xC004F014, 0, 0], [(?)(?)(?)(?)(?)(?)(?)(?)])(1 )(2 )(3 )]
7: 2936d1d2-913a-4542-b54e-ce5a602a2a38, 1, 0 [(0 [0xC004F014, 0, 0], [(?)(?)(?)(?)(?)(?)(?)(?)])(1 )(2 )(3 )]
8: 2c293c26-a45a-4a2a-a350-c69a67097529, 1, 0 [(0 [0xC004F014, 0, 0], [(?)(?)(?)(?)(?)(?)(?)(?)])(1 )(2 )(3 )]
9: 2de67392-b7a7-462a-b1ca-108dd189f588, 1, 0 [(0 [0xC004F014, 0, 0], [(?)(?)(?)(?)(?)(?)(?)(?)])(1 )(2 )(3 )]
10: 2ffd8952-423e-4903-b993-72a1aa44cf82, 1, 0 [(0 [0xC004F014, 0, 0], [(?)(?)(?)(?)(?)(?)(?)(?)])(1 )(2 )(3 )]
11: 30a42c86-b7a0-4a34-8c90-ff177cb2acb7, 1, 0 [(0 [0xC004F014, 0, 0], [(?)(?)(?)(?)(?)(?)(?)(?)])(1 )(2 )(3 )]
12: 345a5db0-d94f-4e3b-a0c0-7c42f7bc3ebf, 1, 0 [(0 [0xC004F014, 0, 0], [(?)(?)(?)(?)(?)(?)(?)(?)])(1 )(2 )(3 )]
13: 3502365a-f88a-4ba4-822a-5769d3073b65, 1, 0 [(0 [0xC004F014, 0, 0], [(?)(?)(?)(?)(?)(?)(?)(?)])(1 )(2 )(3 )]
14: 377333b1-8b5d-48d6-9679-1225c872d37c, 1, 0 [(0 [0xC004F014, 0, 0], [(?)(?)(?)(?)(?)(?)(?)(?)])(1 )(2 )(3 )]
15: 3df374ef-d444-4494-a5a1-4b0d9fd0e203, 1, 0 [(0 [0xC004F014, 0, 0], [(?)(?)(?)(?)(?)(?)(?)(?)])(1 )(2 )(3 )]
16: 3f1afc82-f8ac-4f6c-8005-1d233e606eee, 1, 0 [(0 [0xC004F014, 0, 0], [(?)(?)(?)(?)(?)(?)(?)(?)])(1 )(2 )(3 )]
17: 49cd895b-53b2-4dc4-a5f7-b18aa019ad37, 1, 0 [(0 [0xC004F014, 0, 0], [(?)(?)(?)(?)(?)(?)(?)(?)])(1 )(2 )(3 )]
18: 4de7cb65-cdf1-4de9-8ae8-e3cce27b9f2c, 1, 0 [(0 )(1 )(2 [0xC004E003, 0, 0], [( 1 0xC004F034)( 1 0xC004F034)(?)(?)(?)(?)(?)(?)])(3 [0x00000000, 0, 0], [( 6 0xC004F009 0 0)( 1 0x00000000)( 6 0xC004F009 0 0)(?)(?)(?)( 10 0x00000000 msft:rm/algorithm/flags/1.0)( 11 0x00000000 0xC004F034)])]
19: 4f3da0d2-271d-4508-ae81-626b60809a38, 1, 0 [(0 [0xC004F014, 0, 0], [(?)(?)(?)(?)(?)(?)(?)(?)])(1 )(2 )(3 )]
20: 60b3ec1b-9545-4921-821f-311b129dd6f6, 1, 0 [(0 [0xC004F014, 0, 0], [(?)(?)(?)(?)(?)(?)(?)(?)])(1 )(2 )(3 )]
21: 613d217f-7f13-4268-9907-1662339531cd, 1, 0 [(0 [0xC004F014, 0, 0], [(?)(?)(?)(?)(?)(?)(?)(?)])(1 )(2 )(3 )]
22: 62f0c100-9c53-4e02-b886-a3528ddfe7f6, 1, 0 [(0 [0xC004F014, 0, 0], [(?)(?)(?)(?)(?)(?)(?)(?)])(1 )(2 )(3 )]
23: 6365275e-368d-46ca-a0ef-fc0404119333, 1, 0 [(0 [0xC004F014, 0, 0], [(?)(?)(?)(?)(?)(?)(?)(?)])(1 )(2 )(3 )]
24: 721f9237-9341-4453-a661-09e8baa6cca5, 1, 0 [(0 [0xC004F014, 0, 0], [(?)(?)(?)(?)(?)(?)(?)(?)])(1 )(2 )(3 )]
25: 73111121-5638-40f6-bc11-f1d7b0d64300, 1, 0 [(0 [0xC004F014, 0, 0], [(?)(?)(?)(?)(?)(?)(?)(?)])(1 )(2 )(3 )]
26: 7a802526-4c94-4bd1-ba14-835a1aca2120, 1, 0 [(0 [0xC004F014, 0, 0], [(?)(?)(?)(?)(?)(?)(?)(?)])(1 )(2 )(3 )]
27: 7cb546c0-c7d5-44d8-9a5c-69ecdd782b69, 1, 0 [(0 [0xC004F014, 0, 0], [(?)(?)(?)(?)(?)(?)(?)(?)])(1 )(2 )(3 )]
28: 82bbc092-bc50-4e16-8e18-b74fc486aec3, 1, 0 [(0 [0xC004F014, 0, 0], [(?)(?)(?)(?)(?)(?)(?)(?)])(1 )(2 )(3 )]
29: 8ab9bdd1-1f67-4997-82d9-8878520837d9, 1, 0 [(0 [0xC004F014, 0, 0], [(?)(?)(?)(?)(?)(?)(?)(?)])(1 )(2 )(3 )]
30: 8b351c9c-f398-4515-9900-09df49427262, 1, 0 [(0 [0xC004F014, 0, 0], [(?)(?)(?)(?)(?)(?)(?)(?)])(1 )(2 )(3 )]
31: 90da7373-1c51-430b-bf26-c97e9c5cdc31, 1, 0 [(0 [0xC004F014, 0, 0], [(?)(?)(?)(?)(?)(?)(?)(?)])(1 )(2 )(3 )]
32: 95dca82f-385d-4d39-b85b-5c73fa285d6f, 1, 0 [(0 [0xC004F014, 0, 0], [(?)(?)(?)(?)(?)(?)(?)(?)])(1 )(2 )(3 )]
33: a48938aa-62fa-4966-9d44-9f04da3f72f2, 1, 0 [(0 [0xC004F014, 0, 0], [(?)(?)(?)(?)(?)(?)(?)(?)])(1 )(2 )(3 )]
34: b0773a15-df3a-4312-9ad2-83d69648e356, 1, 0 [(0 [0xC004F014, 0, 0], [(?)(?)(?)(?)(?)(?)(?)(?)])(1 )(2 )(3 )]
35: b4bfe195-541e-4e64-ad23-6177f19e395e, 1, 0 [(0 [0xC004F014, 0, 0], [(?)(?)(?)(?)(?)(?)(?)(?)])(1 )(2 )(3 )]
36: b68e61d2-68ca-4757-be45-0cc2f3e68eee, 1, 0 [(0 [0xC004F014, 0, 0], [(?)(?)(?)(?)(?)(?)(?)(?)])(1 )(2 )(3 )]
37: bd3762d7-270d-4760-8fb3-d829ca45278a, 1, 0 [(0 [0xC004F014, 0, 0], [(?)(?)(?)(?)(?)(?)(?)(?)])(1 )(2 )(3 )]
38: c86d5194-4840-4dae-9c1c-0301003a5ab0, 1, 0 [(0 [0xC004F014, 0, 0], [(?)(?)(?)(?)(?)(?)(?)(?)])(1 )(2 )(3 )]
39: d552befb-48cc-4327-8f39-47d2d94f987c, 1, 0 [(0 [0xC004F014, 0, 0], [(?)(?)(?)(?)(?)(?)(?)(?)])(1 )(2 )(3 )]
40: d6eadb3b-5ca8-4a6b-986e-35b550756111, 1, 0 [(0 [0xC004F014, 0, 0], [(?)(?)(?)(?)(?)(?)(?)(?)])(1 )(2 )(3 )]
41: df96023b-dcd9-4be2-afa0-c6c871159ebe, 1, 0 [(0 [0xC004F014, 0, 0], [(?)(?)(?)(?)(?)(?)(?)(?)])(1 )(2 )(3 )]
42: e0c42288-980c-4788-a014-c080d2e1926e, 1, 0 [(0 [0xC004F014, 0, 0], [(?)(?)(?)(?)(?)(?)(?)(?)])(1 )(2 )(3 )]
43: e4db50ea-bda1-4566-b047-0ca50abc6f07, 1, 0 [(0 [0xC004F014, 0, 0], [(?)(?)(?)(?)(?)(?)(?)(?)])(1 )(2 )(3 )]
44: e558417a-5123-4f6f-91e7-385c1c7ca9d4, 1, 0 [(0 [0xC004F014, 0, 0], [(?)(?)(?)(?)(?)(?)(?)(?)])(1 )(2 )(3 )]
45: e7a950a2-e548-4f10-bf16-02ec848e0643, 1, 0 [(0 [0xC004F014, 0, 0], [(?)(?)(?)(?)(?)(?)(?)(?)])(1 )(2 )(3 )]
46: eb6d346f-1c60-4643-b960-40ec31596c45, 1, 0 [(0 [0xC004F014, 0, 0], [(?)(?)(?)(?)(?)(?)(?)(?)])(1 )(2 )(3 )]
47: ec868e65-fadf-4759-b23e-93fe37f2cc29, 1, 0 [(0 [0xC004F014, 0, 0], [(?)(?)(?)(?)(?)(?)(?)(?)])(1 )(2 )(3 )]
48: ef51e000-2659-4f25-8345-3de70a9cf4c4, 1, 0 [(0 [0xC004F014, 0, 0], [(?)(?)(?)(?)(?)(?)(?)(?)])(1 )(2 )(3 )]
49: f7af7d09-40e4-419c-a49b-eae366689ebd, 1, 0 [(0 [0xC004F014, 0, 0], [(?)(?)(?)(?)(?)(?)(?)(?)])(1 )(2 )(3 )]
50: fa755fe6-6739-40b9-8d84-6d0ea3b6d1ab, 1, 0 [(0 [0xC004F014, 0, 0], [(?)(?)(?)(?)(?)(?)(?)(?)])(1 )(2 )(3 )]
51: fe74f55b-0338-41d6-b267-4a201abe7285, 1, 0 [(0 [0xC004F014, 0, 0], [(?)(?)(?)(?)(?)(?)(?)(?)])(1 )(2 )(3 )]

</Data></EventData></Event><Event xmlns='http://schemas.microsoft.com/win/2004/08/events/event'><System><Provider Name='Microsoft-Windows-CAPI2' Guid='{5bbca4a8-b209-48dc-a8c7-b23d3e5216fb}' EventSourceName='Microsoft-Windows-CAPI2'/><EventID Qualifiers='0'>4097</EventID><Version>0</Version><Level>4</Level><Task>0</Task><Opcode>0</Opcode><Keywords>0x8080000000000000</Keywords><TimeCreated SystemTime='2022-09-12T16:08:46.7644575Z'/><EventRecordID>17</EventRecordID><Correlation/><Execution ProcessID='1392' ThreadID='3716'/><Channel>Application</Channel><Computer>WIN-MQT1RJFT2FC</Computer><Security/></System><EventData><Data>CN=DigiCert Global Root G2, OU=www.digicert.com, O=DigiCert Inc, C=US</Data><Data>DF3C24F9BFD666761B268073FE06D1CC8D4F82A4</Data></EventData></Event><Event xmlns='http://schemas.microsoft.com/win/2004/08/events/event'><System><Provider Name='Microsoft-Windows-Defrag'/><EventID Qualifiers='0'>258</EventID><Version>0</Version><Level>0</Level><Task>0</Task><Opcode>0</Opcode><Keywords>0x80000000000000</Keywords><TimeCreated SystemTime='2022-09-12T16:08:45.4023735Z'/><EventRecordID>16</EventRecordID><Correlation/><Execution ProcessID='0' ThreadID='0'/><Channel>Application</Channel><Computer>WIN-MQT1RJFT2FC</Computer><Security/></System><EventData><Data>reduzir</Data><Data>(C:)</Data><Binary>000000002A020000110200000000000022367962533BB61767E300000000000000000000</Binary></EventData></Event><Event xmlns='http://schemas.microsoft.com/win/2004/08/events/event'><System><Provider Name='Microsoft-Windows-CAPI2' Guid='{5bbca4a8-b209-48dc-a8c7-b23d3e5216fb}' EventSourceName='Microsoft-Windows-CAPI2'/><EventID Qualifiers='0'>257</EventID><Version>0</Version><Level>2</Level><Task>0</Task><Opcode>0</Opcode><Keywords>0x8080000000000000</Keywords><TimeCreated SystemTime='2022-09-12T16:08:29.2801465Z'/><EventRecordID>15</EventRecordID><Correlation/><Execution ProcessID='1392' ThreadID='2928'/><Channel>Application</Channel><Computer>WIN-MQT1RJFT2FC</Computer><Security/></System><EventData><Data>-1409</Data></EventData></Event><Event xmlns='http://schemas.microsoft.com/win/2004/08/events/event'><System><Provider Name='Microsoft-Windows-Security-SPP' Guid='{E23B33B0-C8C9-472C-A5F9-F2BDFEA0F156}' EventSourceName='Software Protection Platform Service'/><EventID Qualifiers='16384'>1034</EventID><Version>0</Version><Level>4</Level><Task>0</Task><Opcode>0</Opcode><Keywords>0x80000000000000</Keywords><TimeCreated SystemTime='2022-09-12T16:08:22.1508152Z'/><EventRecordID>14</EventRecordID><Correlation/><Execution ProcessID='0' ThreadID='0'/><Channel>Application</Channel><Computer>WIN-MQT1RJFT2FC</Computer><Security/></System><EventData><Data>Security-SPP-WriteWauMarker</Data><Data>500</Data></EventData></Event><Event xmlns='http://schemas.microsoft.com/win/2004/08/events/event'><System><Provider Name='Microsoft-Windows-Security-SPP' Guid='{E23B33B0-C8C9-472C-A5F9-F2BDFEA0F156}' EventSourceName='Software Protection Platform Service'/><EventID Qualifiers='16384'>1034</EventID><Version>0</Version><Level>4</Level><Task>0</Task><Opcode>0</Opcode><Keywords>0x80000000000000</Keywords><TimeCreated SystemTime='2022-09-12T16:08:15.1861100Z'/><EventRecordID>13</EventRecordID><Correlation/><Execution ProcessID='0' ThreadID='0'/><Channel>Application</Channel><Computer>WIN-MQT1RJFT2FC</Computer><Security/></System><EventData><Data>AAD-BlockAADWorkplaceJoin-Default</Data><Data>100</Data></EventData></Event><Event xmlns='http://schemas.microsoft.com/win/2004/08/events/event'><System><Provider Name='Microsoft-Windows-Security-SPP' Guid='{E23B33B0-C8C9-472C-A5F9-F2BDFEA0F156}' EventSourceName='Software Protection Platform Service'/><EventID Qualifiers='16384'>1034</EventID><Version>0</Version><Level>4</Level><Task>0</Task><Opcode>0</Opcode><Keywords>0x80000000000000</Keywords><TimeCreated SystemTime='2022-09-12T16:08:07.6256560Z'/><EventRecordID>12</EventRecordID><Correlation/><Execution ProcessID='0' ThreadID='0'/><Channel>Application</Channel><Computer>WIN-MQT1RJFT2FC</Computer><Security/></System><EventData><Data>AAD-BlockAADWorkplaceJoin-Default</Data><Data>100</Data></EventData></Event><Event xmlns='http://schemas.microsoft.com/win/2004/08/events/event'><System><Provider Name='Microsoft-Windows-Security-SPP' Guid='{E23B33B0-C8C9-472C-A5F9-F2BDFEA0F156}' EventSourceName='Software Protection Platform Service'/><EventID Qualifiers='16384'>1034</EventID><Version>0</Version><Level>4</Level><Task>0</Task><Opcode>0</Opcode><Keywords>0x80000000000000</Keywords><TimeCreated SystemTime='2022-09-12T16:07:56.8892689Z'/><EventRecordID>11</EventRecordID><Correlation/><Execution ProcessID='0' ThreadID='0'/><Channel>Application</Channel><Computer>WIN-MQT1RJFT2FC</Computer><Security/></System><EventData><Data>AAD-BlockAADWorkplaceJoin-Default</Data><Data>100</Data></EventData></Event><Event xmlns='http://schemas.microsoft.com/win/2004/08/events/event'><System><Provider Name='Microsoft-Windows-Security-SPP' Guid='{E23B33B0-C8C9-472C-A5F9-F2BDFEA0F156}' EventSourceName='Software Protection Platform Service'/><EventID Qualifiers='16384'>1034</EventID><Version>0</Version><Level>4</Level><Task>0</Task><Opcode>0</Opcode><Keywords>0x80000000000000</Keywords><TimeCreated SystemTime='2022-09-12T16:07:46.1719650Z'/><EventRecordID>10</EventRecordID><Correlation/><Execution ProcessID='0' ThreadID='0'/><Channel>Application</Channel><Computer>WIN-MQT1RJFT2FC</Computer><Security/></System><EventData><Data>AAD-BlockAADWorkplaceJoin-Default</Data><Data>100</Data></EventData></Event><Event xmlns='http://schemas.microsoft.com/win/2004/08/events/event'><System><Provider Name='Microsoft-Windows-Security-SPP' Guid='{E23B33B0-C8C9-472C-A5F9-F2BDFEA0F156}' EventSourceName='Software Protection Platform Service'/><EventID Qualifiers='16384'>1034</EventID><Version>0</Version><Level>4</Level><Task>0</Task><Opcode>0</Opcode><Keywords>0x80000000000000</Keywords><TimeCreated SystemTime='2022-09-12T16:07:35.5187766Z'/><EventRecordID>9</EventRecordID><Correlation/><Execution ProcessID='0' ThreadID='0'/><Channel>Application</Channel><Computer>WIN-MQT1RJFT2FC</Computer><Security/></System><EventData><Data>AAD-BlockAADWorkplaceJoin-Default</Data><Data>100</Data></EventData></Event><Event xmlns='http://schemas.microsoft.com/win/2004/08/events/event'><System><Provider Name='Microsoft-Windows-Security-SPP' Guid='{E23B33B0-C8C9-472C-A5F9-F2BDFEA0F156}' EventSourceName='Software Protection Platform Service'/><EventID Qualifiers='16384'>1034</EventID><Version>0</Version><Level>4</Level><Task>0</Task><Opcode>0</Opcode><Keywords>0x80000000000000</Keywords><TimeCreated SystemTime='2022-09-12T16:07:30.6724929Z'/><EventRecordID>8</EventRecordID><Correlation/><Execution ProcessID='0' ThreadID='0'/><Channel>Application</Channel><Computer>WIN-MQT1RJFT2FC</Computer><Security/></System><EventData><Data>AAD-BlockAADWorkplaceJoin-Default</Data><Data>100</Data></EventData></Event><Event xmlns='http://schemas.microsoft.com/win/2004/08/events/event'><System><Provider Name='Microsoft-Windows-Security-SPP' Guid='{E23B33B0-C8C9-472C-A5F9-F2BDFEA0F156}' EventSourceName='Software Protection Platform Service'/><EventID Qualifiers='16384'>1034</EventID><Version>0</Version><Level>4</Level><Task>0</Task><Opcode>0</Opcode><Keywords>0x80000000000000</Keywords><TimeCreated SystemTime='2022-09-12T16:07:19.9669904Z'/><EventRecordID>7</EventRecordID><Correlation/><Execution ProcessID='0' ThreadID='0'/><Channel>Application</Channel><Computer>WIN-MQT1RJFT2FC</Computer><Security/></System><EventData><Data>AAD-BlockAADWorkplaceJoin-Default</Data><Data>100</Data></EventData></Event><Event xmlns='http://schemas.microsoft.com/win/2004/08/events/event'><System><Provider Name='Microsoft-Windows-Security-SPP' Guid='{E23B33B0-C8C9-472C-A5F9-F2BDFEA0F156}' EventSourceName='Software Protection Platform Service'/><EventID Qualifiers='16384'>1034</EventID><Version>0</Version><Level>4</Level><Task>0</Task><Opcode>0</Opcode><Keywords>0x80000000000000</Keywords><TimeCreated SystemTime='2022-09-12T16:07:06.8403912Z'/><EventRecordID>6</EventRecordID><Correlation/><Execution ProcessID='0' ThreadID='0'/><Channel>Application</Channel><Computer>WIN-MQT1RJFT2FC</Computer><Security/></System><EventData><Data>AAD-BlockAADWorkplaceJoin-Default</Data><Data>100</Data></EventData></Event><Event xmlns='http://schemas.microsoft.com/win/2004/08/events/event'><System><Provider Name='Microsoft-Windows-Security-SPP' Guid='{E23B33B0-C8C9-472C-A5F9-F2BDFEA0F156}' EventSourceName='Software Protection Platform Service'/><EventID Qualifiers='16384'>1034</EventID><Version>0</Version><Level>4</Level><Task>0</Task><Opcode>0</Opcode><Keywords>0x80000000000000</Keywords><TimeCreated SystemTime='2022-09-12T16:06:57.2817329Z'/><EventRecordID>5</EventRecordID><Correlation/><Execution ProcessID='0' ThreadID='0'/><Channel>Application</Channel><Computer>WIN-MQT1RJFT2FC</Computer><Security/></System><EventData><Data>AAD-BlockAADWorkplaceJoin-Default</Data><Data>100</Data></EventData></Event><Event xmlns='http://schemas.microsoft.com/win/2004/08/events/event'><System><Provider Name='Microsoft-Windows-WMI' Guid='{1edeee53-0afe-4609-b846-d8c0b2075b1f}'/><EventID>5617</EventID><Version>2</Version><Level>4</Level><Task>0</Task><Opcode>0</Opcode><Keywords>0x8000000000000000</Keywords><TimeCreated SystemTime='2022-09-12T16:06:30.7592332Z'/><EventRecordID>4</EventRecordID><Correlation ActivityID='{8da9b417-c6c1-0000-85ba-a98dc1c6d801}'/><Execution ProcessID='972' ThreadID='1440'/><Channel>Application</Channel><Computer>WIN-MQT1RJFT2FC</Computer><Security UserID='S-1-5-18'/></System><EventData></EventData></Event>